Test/android/app/build/intermediates/manifest_merge_blame_file/debug/manifest-merger-blame-debug-report.txt
1<?xml version="1.0" encoding="utf-8"?>
2<manifest xmlns:android="http://schemas.android.com/apk/res/android"
3    package="com.test"
4    android:versionCode="1"
5    android:versionName="1.0" >
6
7    <uses-sdk
8        android:minSdkVersion="21"
9        android:targetSdkVersion="31" />
10
11    <uses-permission android:name="android.permission.SYSTEM_ALERT_WINDOW" />
11-->src\debug\AndroidManifest.xml:5:5-77
11-->src\debug\AndroidManifest.xml:5:22-75
12    <uses-permission android:name="android.permission.INTERNET" />
12-->src\main\AndroidManifest.xml:4:5-67
12-->src\main\AndroidManifest.xml:4:22-64
13    <uses-permission
13-->src\main\AndroidManifest.xml:5:5-94
14        android:name="android.permission.BLUETOOTH"
14-->src\main\AndroidManifest.xml:5:22-65
15        android:maxSdkVersion="30" />
15-->src\main\AndroidManifest.xml:5:66-92
16    <uses-permission
16-->src\main\AndroidManifest.xml:6:5-100
17        android:name="android.permission.BLUETOOTH_ADMIN"
17-->src\main\AndroidManifest.xml:6:22-71
18        android:maxSdkVersion="30" />
18-->src\main\AndroidManifest.xml:6:72-98
19    <uses-permission
19-->src\main\AndroidManifest.xml:8:5-107
20        android:name="android.permission.ACCESS_COARSE_LOCATION"
20-->src\main\AndroidManifest.xml:8:22-78
21        android:maxSdkVersion="28" />
21-->src\main\AndroidManifest.xml:8:79-105
22
23    <uses-permission-sdk-23 android:name="android.permission.ACCESS_FINE_LOCATION" />
23-->src\main\AndroidManifest.xml:9:5-86
23-->src\main\AndroidManifest.xml:9:29-83
24
25    <uses-permission android:name="android.permission.BLUETOOTH_SCAN" />
25-->src\main\AndroidManifest.xml:10:5-72
25-->src\main\AndroidManifest.xml:10:22-70
26    <uses-permission android:name="android.permission.BLUETOOTH_CONNECT" />
26-->src\main\AndroidManifest.xml:11:6-76
26-->src\main\AndroidManifest.xml:11:23-74
27    <uses-permission android:name="android.permission.ACCESS_WIFI_STATE" />
27-->[com.facebook.flipper:flipper:0.125.0] AndroidManifest.xml:16:5-76
27-->[com.facebook.flipper:flipper:0.125.0] AndroidManifest.xml:16:22-73
28
29    <uses-feature
29-->[:react-native-ble-manager] AndroidManifest.xml:13:5-15:36
30        android:name="android.hardware.bluetooth_le"
30-->[:react-native-ble-manager] AndroidManifest.xml:14:9-53
31        android:required="false" />
31-->[:react-native-ble-manager] AndroidManifest.xml:15:9-33
32
33    <uses-permission android:name="android.permission.WRITE_EXTERNAL_STORAGE" />
33-->[:react-native-fs] AndroidManifest.xml:9:5-81
33-->[:react-native-fs] AndroidManifest.xml:9:22-78
34
35    <uses-permission-sdk-23 android:name="android.permission.ACCESS_COARSE_LOCATION" />
35-->[com.github.Polidea:MultiPlatformBleAdapter:b0272c0fae040cc90f790481c54e8f2d45304339] AndroidManifest.xml:14:5-88
35-->[com.github.Polidea:MultiPlatformBleAdapter:b0272c0fae040cc90f790481c54e8f2d45304339] AndroidManifest.xml:14:29-85
36
37    <application
37-->src\main\AndroidManifest.xml:13:5-32:19
38        android:name="com.test.MainApplication"
38-->src\main\AndroidManifest.xml:14:7-38
39        android:allowBackup="false"
39-->src\main\AndroidManifest.xml:18:7-34
40        android:appComponentFactory="androidx.core.app.CoreComponentFactory"
40-->[androidx.core:core:1.7.0] AndroidManifest.xml:24:18-86
41        android:debuggable="true"
42        android:icon="@mipmap/ic_launcher"
42-->src\main\AndroidManifest.xml:16:7-41
43        android:label="@string/app_name"
43-->src\main\AndroidManifest.xml:15:7-39
44        android:roundIcon="@mipmap/ic_launcher_round"
44-->src\main\AndroidManifest.xml:17:7-52
45        android:theme="@style/AppTheme"
45-->src\main\AndroidManifest.xml:19:7-38
46        android:usesCleartextTraffic="true" >
46-->src\debug\AndroidManifest.xml:8:9-44
47        <activity
47-->src\debug\AndroidManifest.xml:11:9-111
48            android:name="com.facebook.react.devsupport.DevSettingsActivity"
48-->src\debug\AndroidManifest.xml:11:19-83
49            android:exported="false" />
49-->src\debug\AndroidManifest.xml:11:84-108
50        <activity
50-->src\main\AndroidManifest.xml:20:7-31:18
51            android:name="com.test.MainActivity"
51-->src\main\AndroidManifest.xml:21:9-37
52            android:configChanges="keyboard|keyboardHidden|orientation|screenLayout|screenSize|smallestScreenSize|uiMode"
52-->src\main\AndroidManifest.xml:23:9-118
53            android:exported="true"
53-->src\main\AndroidManifest.xml:26:9-32
54            android:label="@string/app_name"
54-->src\main\AndroidManifest.xml:22:9-41
55            android:launchMode="singleTask"
55-->src\main\AndroidManifest.xml:24:9-40
56            android:windowSoftInputMode="adjustResize" >
56-->src\main\AndroidManifest.xml:25:9-51
57            <intent-filter>
57-->src\main\AndroidManifest.xml:27:9-30:25
58                <action android:name="android.intent.action.MAIN" />
58-->src\main\AndroidManifest.xml:28:13-65
58-->src\main\AndroidManifest.xml:28:21-62
59
60                <category android:name="android.intent.category.LAUNCHER" />
60-->src\main\AndroidManifest.xml:29:13-73
60-->src\main\AndroidManifest.xml:29:23-70
61            </intent-filter>
62        </activity>
63
64        <provider
64-->[androidx.emoji2:emoji2:1.0.0] AndroidManifest.xml:26:9-34:20
65            android:name="androidx.startup.InitializationProvider"
65-->[androidx.emoji2:emoji2:1.0.0] AndroidManifest.xml:27:13-67
66            android:authorities="com.test.androidx-startup"
66-->[androidx.emoji2:emoji2:1.0.0] AndroidManifest.xml:28:13-68
67            android:exported="false" >
67-->[androidx.emoji2:emoji2:1.0.0] AndroidManifest.xml:29:13-37
68            <meta-data
68-->[androidx.emoji2:emoji2:1.0.0] AndroidManifest.xml:31:13-33:52
69                android:name="androidx.emoji2.text.EmojiCompatInitializer"
69-->[androidx.emoji2:emoji2:1.0.0] AndroidManifest.xml:32:17-75
70                android:value="androidx.startup" />
70-->[androidx.emoji2:emoji2:1.0.0] AndroidManifest.xml:33:17-49
71            <meta-data
71-->[androidx.lifecycle:lifecycle-process:2.4.0] AndroidManifest.xml:31:13-33:52
72                android:name="androidx.lifecycle.ProcessLifecycleInitializer"
72-->[androidx.lifecycle:lifecycle-process:2.4.0] AndroidManifest.xml:32:17-78
73                android:value="androidx.startup" />
73-->[androidx.lifecycle:lifecycle-process:2.4.0] AndroidManifest.xml:33:17-49
74        </provider>
75    </application>
76
77</manifest>